# JRE version: OpenJDK Runtime Environment (8.0_152-b01) (build 1.8.0_152-release-1248-b01)
# Java VM: OpenJDK 64-Bit Server VM (25.152-b01 mixed mode windows-amd64 compressed oops)
Heap:
 PSYoungGen      total 116224K, used 77568K [0x00000000e0000000, 0x00000000e7e00000, 0x0000000100000000)
  eden space 105472K, 66% used [0x00000000e0000000,0x00000000e44da550,0x00000000e6700000)
  from space 10752K, 65% used [0x00000000e7380000,0x00000000e7a65d40,0x00000000e7e00000)
  to   space 11776K, 0% used [0x00000000e6700000,0x00000000e6700000,0x00000000e7280000)
 ParOldGen       total 78336K, used 25689K [0x00000000a0000000, 0x00000000a4c80000, 0x00000000e0000000)
  object space 78336K, 32% used [0x00000000a0000000,0x00000000a1916400,0x00000000a4c80000)
 Metaspace       used 54297K, capacity 55590K, committed 55848K, reserved 1097728K
  class space    used 7359K, capacity 7720K, committed 7728K, reserved 1048576K
GC Heap History (10 events):
Event: 5.023 GC heap before
{Heap before GC invocations=10 (full 1):
 PSYoungGen      total 65536K, used 59874K [0x00000000e0000000, 0x00000000e4a00000, 0x0000000100000000)
  eden space 54784K, 100% used [0x00000000e0000000,0x00000000e3580000,0x00000000e3580000)
  from space 10752K, 47% used [0x00000000e3f80000,0x00000000e44788c8,0x00000000e4a00000)
  to   space 10240K, 0% used [0x00000000e3580000,0x00000000e3580000,0x00000000e3f80000)
 ParOldGen       total 52224K, used 7538K [0x00000000a0000000, 0x00000000a3300000, 0x00000000e0000000)
  object space 52224K, 14% used [0x00000000a0000000,0x00000000a075c9c0,0x00000000a3300000)
 Metaspace       used 30076K, capacity 30544K, committed 30768K, reserved 1075200K
  class space    used 4175K, capacity 4323K, committed 4400K, reserved 1048576K
Event: 5.035 GC heap after
Heap after GC invocations=10 (full 1):
 PSYoungGen      total 65024K, used 7969K [0x00000000e0000000, 0x00000000e6300000, 0x0000000100000000)
  eden space 54784K, 0% used [0x00000000e0000000,0x00000000e0000000,0x00000000e3580000)
  from space 10240K, 77% used [0x00000000e3580000,0x00000000e3d48768,0x00000000e3f80000)
  to   space 10752K, 0% used [0x00000000e5880000,0x00000000e5880000,0x00000000e6300000)
 ParOldGen       total 52224K, used 7546K [0x00000000a0000000, 0x00000000a3300000, 0x00000000e0000000)
  object space 52224K, 14% used [0x00000000a0000000,0x00000000a075e9c0,0x00000000a3300000)
 Metaspace       used 30076K, capacity 30544K, committed 30768K, reserved 1075200K
  class space    used 4175K, capacity 4323K, committed 4400K, reserved 1048576K
}
Event: 5.772 GC heap before
{Heap before GC invocations=11 (full 1):
 PSYoungGen      total 65024K, used 55238K [0x00000000e0000000, 0x00000000e6300000, 0x0000000100000000)
  eden space 54784K, 86% used [0x00000000e0000000,0x00000000e2e29158,0x00000000e3580000)
  from space 10240K, 77% used [0x00000000e3580000,0x00000000e3d48768,0x00000000e3f80000)
  to   space 10752K, 0% used [0x00000000e5880000,0x00000000e5880000,0x00000000e6300000)
 ParOldGen       total 52224K, used 7546K [0x00000000a0000000, 0x00000000a3300000, 0x00000000e0000000)
  object space 52224K, 14% used [0x00000000a0000000,0x00000000a075e9c0,0x00000000a3300000)
 Metaspace       used 34628K, capacity 35218K, committed 35496K, reserved 1079296K
  class space    used 4821K, capacity 5029K, committed 5040K, reserved 1048576K
Event: 5.785 GC heap after
Heap after GC invocations=11 (full 1):
 PSYoungGen      total 88576K, used 7028K [0x00000000e0000000, 0x00000000e6180000, 0x0000000100000000)
  eden space 79360K, 0% used [0x00000000e0000000,0x00000000e0000000,0x00000000e4d80000)
  from space 9216K, 76% used [0x00000000e5880000,0x00000000e5f5d2e0,0x00000000e6180000)
  to   space 10240K, 0% used [0x00000000e4d80000,0x00000000e4d80000,0x00000000e5780000)
 ParOldGen       total 52224K, used 10795K [0x00000000a0000000, 0x00000000a3300000, 0x00000000e0000000)
  object space 52224K, 20% used [0x00000000a0000000,0x00000000a0a8acf0,0x00000000a3300000)
 Metaspace       used 34628K, capacity 35218K, committed 35496K, reserved 1079296K
  class space    used 4821K, capacity 5029K, committed 5040K, reserved 1048576K
}
Event: 5.785 GC heap before
{Heap before GC invocations=12 (full 2):
 PSYoungGen      total 88576K, used 7028K [0x00000000e0000000, 0x00000000e6180000, 0x0000000100000000)
  eden space 79360K, 0% used [0x00000000e0000000,0x00000000e0000000,0x00000000e4d80000)
  from space 9216K, 76% used [0x00000000e5880000,0x00000000e5f5d2e0,0x00000000e6180000)
  to   space 10240K, 0% used [0x00000000e4d80000,0x00000000e4d80000,0x00000000e5780000)
 ParOldGen       total 52224K, used 10795K [0x00000000a0000000, 0x00000000a3300000, 0x00000000e0000000)
  object space 52224K, 20% used [0x00000000a0000000,0x00000000a0a8acf0,0x00000000a3300000)
 Metaspace       used 34628K, capacity 35218K, committed 35496K, reserved 1079296K
  class space    used 4821K, capacity 5029K, committed 5040K, reserved 1048576K
Event: 5.831 GC heap after
Heap after GC invocations=12 (full 2):
 PSYoungGen      total 88576K, used 0K [0x00000000e0000000, 0x00000000e6180000, 0x0000000100000000)
  eden space 79360K, 0% used [0x00000000e0000000,0x00000000e0000000,0x00000000e4d80000)
  from space 9216K, 0% used [0x00000000e5880000,0x00000000e5880000,0x00000000e6180000)
  to   space 10240K, 0% used [0x00000000e4d80000,0x00000000e4d80000,0x00000000e5780000)
 ParOldGen       total 78336K, used 17104K [0x00000000a0000000, 0x00000000a4c80000, 0x00000000e0000000)
  object space 78336K, 21% used [0x00000000a0000000,0x00000000a10b43a8,0x00000000a4c80000)
 Metaspace       used 34628K, capacity 35218K, committed 35496K, reserved 1079296K
  class space    used 4821K, capacity 5029K, committed 5040K, reserved 1048576K
}
Event: 6.489 GC heap before
{Heap before GC invocations=13 (full 2):
 PSYoungGen      total 88576K, used 79360K [0x00000000e0000000, 0x00000000e6180000, 0x0000000100000000)
  eden space 79360K, 100% used [0x00000000e0000000,0x00000000e4d80000,0x00000000e4d80000)
  from space 9216K, 0% used [0x00000000e5880000,0x00000000e5880000,0x00000000e6180000)
  to   space 10240K, 0% used [0x00000000e4d80000,0x00000000e4d80000,0x00000000e5780000)
 ParOldGen       total 78336K, used 17104K [0x00000000a0000000, 0x00000000a4c80000, 0x00000000e0000000)
  object space 78336K, 21% used [0x00000000a0000000,0x00000000a10b43a8,0x00000000a4c80000)
 Metaspace       used 42030K, capacity 42750K, committed 43176K, reserved 1087488K
  class space    used 5682K, capacity 5948K, committed 6064K, reserved 1048576K
Event: 6.500 GC heap after
Heap after GC invocations=13 (full 2):
 PSYoungGen      total 89600K, used 10211K [0x00000000e0000000, 0x00000000e7f80000, 0x0000000100000000)
  eden space 79360K, 0% used [0x00000000e0000000,0x00000000e0000000,0x00000000e4d80000)
  from space 10240K, 99% used [0x00000000e4d80000,0x00000000e5778df0,0x00000000e5780000)
  to   space 12288K, 0% used [0x00000000e7380000,0x00000000e7380000,0x00000000e7f80000)
 ParOldGen       total 78336K, used 19173K [0x00000000a0000000, 0x00000000a4c80000, 0x00000000e0000000)
  object space 78336K, 24% used [0x00000000a0000000,0x00000000a12b94a8,0x00000000a4c80000)
 Metaspace       used 42030K, capacity 42750K, committed 43176K, reserved 1087488K
  class space    used 5682K, capacity 5948K, committed 6064K, reserved 1048576K
}
Event: 7.208 GC heap before
{Heap before GC invocations=14 (full 2):
 PSYoungGen      total 89600K, used 89571K [0x00000000e0000000, 0x00000000e7f80000, 0x0000000100000000)
  eden space 79360K, 100% used [0x00000000e0000000,0x00000000e4d80000,0x00000000e4d80000)
  from space 10240K, 99% used [0x00000000e4d80000,0x00000000e5778df0,0x00000000e5780000)
  to   space 12288K, 0% used [0x00000000e7380000,0x00000000e7380000,0x00000000e7f80000)
 ParOldGen       total 78336K, used 19173K [0x00000000a0000000, 0x00000000a4c80000, 0x00000000e0000000)
  object space 78336K, 24% used [0x00000000a0000000,0x00000000a12b94a8,0x00000000a4c80000)
 Metaspace       used 48154K, capacity 49022K, committed 49320K, reserved 1091584K
  class space    used 6504K, capacity 6768K, committed 6832K, reserved 1048576K
Event: 7.218 GC heap after
Heap after GC invocations=14 (full 2):
 PSYoungGen      total 116224K, used 7063K [0x00000000e0000000, 0x00000000e7e00000, 0x0000000100000000)
  eden space 105472K, 0% used [0x00000000e0000000,0x00000000e0000000,0x00000000e6700000)
  from space 10752K, 65% used [0x00000000e7380000,0x00000000e7a65d40,0x00000000e7e00000)
  to   space 11776K, 0% used [0x00000000e6700000,0x00000000e6700000,0x00000000e7280000)
 ParOldGen       total 78336K, used 25689K [0x00000000a0000000, 0x00000000a4c80000, 0x00000000e0000000)
  object space 78336K, 32% used [0x00000000a0000000,0x00000000a1916400,0x00000000a4c80000)
 Metaspace       used 48154K, capacity 49022K, committed 49320K, reserved 1091584K
  class space    used 6504K, capacity 6768K, committed 6832K, reserved 1048576K
}

